<?xml version="1.0" encoding="UTF-8"?>
<testng-results ignored="0" total="2" passed="2" failed="0" skipped="0">
  <reporter-output>
  </reporter-output>
  <suite started-at="2024-08-25T18:58:17 IST" name="Suite1" finished-at="2024-08-25T18:58:29 IST" duration-ms="11960">
    <groups>
    </groups>
    <test started-at="2024-08-25T18:58:17 IST" name="api test" finished-at="2024-08-25T18:58:29 IST" duration-ms="11960">
      <class name="com.turtlemint.ValidatepinCode">
        <test-method signature="validatePinCode()[pri:0, instance:com.turtlemint.ValidatepinCode@70e9c95d]" started-at="2024-08-25T18:58:26 IST" name="validatePinCode" finished-at="2024-08-25T18:58:29 IST" duration-ms="2536" status="PASS">
          <reporter-output>
          </reporter-output>
        </test-method> <!-- validatePinCode -->
      </class> <!-- com.turtlemint.ValidatepinCode -->
      <class name="com.turtlemint.CreateRequest">
        <test-method is-config="true" signature="getCookies()[pri:0, instance:com.turtlemint.CreateRequest@534a5a98]" started-at="2024-08-25T18:58:17 IST" name="getCookies" finished-at="2024-08-25T18:58:21 IST" duration-ms="4497" status="PASS">
          <reporter-output>
          </reporter-output>
        </test-method> <!-- getCookies -->
        <test-method signature="createRequest()[pri:0, instance:com.turtlemint.CreateRequest@534a5a98]" started-at="2024-08-25T18:58:21 IST" name="createRequest" finished-at="2024-08-25T18:58:26 IST" duration-ms="4854" status="PASS">
          <reporter-output>
          </reporter-output>
        </test-method> <!-- createRequest -->
      </class> <!-- com.turtlemint.CreateRequest -->
    </test> <!-- api test -->
  </suite> <!-- Suite1 -->
</testng-results>
